[2025-06-09 18:42:07 -0400] Plate X49VFV has been successfully registered. Reference Number: 3538562. Sending confirmation email...
[2025-06-09 18:42:08 -0400] Confirmation email sent to tojasi5614@jeanssi.com.
[2025-06-09 18:42:10 -0400] Plate A12BCD has been successfully registered. Reference Number: 3538563. Sending confirmation email...
[2025-06-09 18:42:10 -0400] Confirmation email sent to someone@example.com.
[2025-06-09 18:42:13 -0400] Plate B34DEF has been successfully registered. Reference Number: 3538564. Sending confirmation email...
[2025-06-09 18:42:13 -0400] Confirmation email sent to someoneelse@example.com.
[2025-06-09 18:44:28 -0400] Plate X49VFV has been successfully registered. Reference Number: 3538584. Sending confirmation email...
[2025-06-09 18:44:29 -0400] Confirmation email sent to tojasi5614@jeanssi.com.
[2025-06-09 18:44:31 -0400] Plate A12BCD has been successfully registered. Reference Number: 3538585. Sending confirmation email...
[2025-06-09 18:44:31 -0400] Confirmation email sent to someone@example.com.
[2025-06-09 18:44:34 -0400] Plate B34DEF has been successfully registered. Reference Number: 3538587. Sending confirmation email...
[2025-06-09 18:44:34 -0400] Confirmation email sent to someoneelse@example.com.
[2025-06-09 18:46:30 -0400] Plate X49VFV has been successfully registered. Reference Number: 3538598. Sending confirmation email...
[2025-06-09 18:46:31 -0400] Confirmation email sent to tojasi5614@jeanssi.com.
[2025-06-09 18:46:33 -0400] Plate A12BCD has been successfully registered. Reference Number: 3538599. Sending confirmation email...
[2025-06-09 18:46:34 -0400] Confirmation email sent to someone@example.com.
[2025-06-09 18:46:38 -0400] Plate B34DEF has been successfully registered. Reference Number: 3538602. Sending confirmation email...
[2025-06-09 18:46:38 -0400] Confirmation email sent to someoneelse@example.com.
[2025-06-09 18:46:44 -0400] Plate X49VFV has been successfully registered. Reference Number: 3538604. Sending confirmation email...
[2025-06-09 18:46:44 -0400] Confirmation email sent to tojasi5614@jeanssi.com.
[2025-06-09 18:46:47 -0400] Plate A12BCD has been successfully registered. Reference Number: 3538605. Sending confirmation email...
[2025-06-09 18:46:48 -0400] Confirmation email sent to someone@example.com.
[2025-06-09 18:46:50 -0400] Plate B34DEF has been successfully registered. Reference Number: 3538606. Sending confirmation email...
[2025-06-09 18:46:50 -0400] Confirmation email sent to someoneelse@example.com.
[2025-06-09 19:05:45 -0400] Plate X49VFV failed to redirect to success. Redirected to: https://hotspotparking.com/tapPoster/park/CarletonTemp111
[2025-06-09 19:05:47 -0400] Plate A12BCD failed to redirect to success. Redirected to: https://hotspotparking.com/tapPoster/park/CarletonTemp111
[2025-06-09 19:05:50 -0400] Plate B34DEF failed to redirect to success. Redirected to: https://hotspotparking.com/tapPoster/park/CarletonTemp111
[2025-06-09 19:10:00 -0400] Plate X49VFV failed to redirect to success. Redirected to: https://hotspotparking.com/tapPoster/park/CarletonTemp111
[2025-06-09 19:10:02 -0400] Plate A12BCD failed to redirect to success. Redirected to: https://hotspotparking.com/tapPoster/park/CarletonTemp111
[2025-06-09 19:10:04 -0400] Plate B34DEF failed to redirect to success. Redirected to: https://hotspotparking.com/tapPoster/park/CarletonTemp111
[2025-06-09 19:11:00 -0400] Plate X49VFV failed to redirect to success. Redirected to: https://hotspotparking.com/tapPoster/park/CarletonTemp111
[2025-06-09 19:11:02 -0400] Plate A12BCD failed to redirect to success. Redirected to: https://hotspotparking.com/tapPoster/park/CarletonTemp111
[2025-06-09 19:11:07 -0400] Plate B34DEF failed to redirect to success. Redirected to: https://hotspotparking.com/tapPoster/park/CarletonTemp111
[2025-06-09 19:12:00 -0400] Plate X49VFV failed to redirect to success. Redirected to: https://hotspotparking.com/tapPoster/park/CarletonTemp111
[2025-06-09 19:12:02 -0400] Plate A12BCD failed to redirect to success. Redirected to: https://hotspotparking.com/tapPoster/park/CarletonTemp111
[2025-06-09 19:12:06 -0400] Plate B34DEF failed to redirect to success. Redirected to: https://hotspotparking.com/tapPoster/park/CarletonTemp111
[2025-06-09 19:13:00 -0400] Plate X49VFV failed to redirect to success. Redirected to: https://hotspotparking.com/tapPoster/park/CarletonTemp111
[2025-06-09 19:13:02 -0400] Plate A12BCD failed to redirect to success. Redirected to: https://hotspotparking.com/tapPoster/park/CarletonTemp111
[2025-06-09 19:13:07 -0400] Plate B34DEF failed to redirect to success. Redirected to: https://hotspotparking.com/tapPoster/park/CarletonTemp111
[2025-06-09 19:16:00 -0400] Plate X49YFV has been successfully registered. Reference Number: 3538819. Sending confirmation email...
[2025-06-09 19:16:01 -0400] Confirmation email sent to siyibo6986@pngzero.com.
[2025-06-09 19:16:04 -0400] Plate A12YCD has been successfully registered. Reference Number: 3538820. Sending confirmation email...
[2025-06-09 19:16:04 -0400] Confirmation email sent to someone@example.com.
[2025-06-09 19:16:10 -0400] Plate B34YEF has been successfully registered. Reference Number: 3538824. Sending confirmation email...
[2025-06-09 19:16:10 -0400] Confirmation email sent to someoneelse@example.com.
[2025-06-09 19:17:00 -0400] Plate X49YFV has been successfully registered. Reference Number: 3538838. Sending confirmation email...
[2025-06-09 19:17:01 -0400] Confirmation email sent to siyibo6986@pngzero.com.
[2025-06-09 19:17:06 -0400] Plate A12YCD has been successfully registered. Reference Number: 3538840. Sending confirmation email...
[2025-06-09 19:17:06 -0400] Confirmation email sent to someone@example.com.
[2025-06-09 19:17:12 -0400] Plate B34YEF has been successfully registered. Reference Number: 3538842. Sending confirmation email...
[2025-06-09 19:17:12 -0400] Confirmation email sent to someoneelse@example.com.
[2025-06-09 19:18:00 -0400] Plate X49YFV has been successfully registered. Reference Number: 3538849. Sending confirmation email...
[2025-06-09 19:18:01 -0400] Confirmation email sent to siyibo6986@pngzero.com.
[2025-06-09 19:18:04 -0400] Plate A12YCD has been successfully registered. Reference Number: 3538850. Sending confirmation email...
[2025-06-09 19:18:04 -0400] Confirmation email sent to someone@example.com.
[2025-06-09 19:18:07 -0400] Plate B34YEF has been successfully registered. Reference Number: 3538851. Sending confirmation email...
[2025-06-09 19:18:07 -0400] Confirmation email sent to someoneelse@example.com.
[2025-06-09 19:19:00 -0400] Plate X49YFV has been successfully registered. Reference Number: 3538858. Sending confirmation email...
[2025-06-09 19:19:00 -0400] Confirmation email sent to siyibo6986@pngzero.com.
[2025-06-09 19:19:03 -0400] Plate A12YCD has been successfully registered. Reference Number: 3538860. Sending confirmation email...
[2025-06-09 19:19:03 -0400] Confirmation email sent to someone@example.com.
